<?xml version="1.0" encoding="UTF-8"?>
<!-- Generated by org.testng.reporters.JUnitReportReporter -->
<testsuite hostname="VASANTH" failures="0" tests="1" name="package1.LaunchApp" time="29.696" errors="0" timestamp="18 Sep 2024 02:08:29 GMT">
  <testcase classname="package1.LaunchApp" name="launchTest" time="29.696"/>
</testsuite> <!-- package1.LaunchApp -->
